Performing C SOURCE FILE Test CMAKE_HAVE_LIBC_PTHREAD failed with the following output:
Change Dir: /home/llen/CLionProjects/lab8_5/cmake-build-debug/CMakeFiles/CMakeTmp

Run Build Command(s):/usr/bin/make cmTC_f5928/fast && /usr/bin/make -f CMakeFiles/cmTC_f5928.dir/build.make CMakeFiles/cmTC_f5928.dir/build
make[1]: вход в каталог «/home/llen/CLionProjects/lab8_5/cmake-build-debug/CMakeFiles/CMakeTmp»
Building C object CMakeFiles/cmTC_f5928.dir/src.c.o
/usr/bin/cc   -DCMAKE_HAVE_LIBC_PTHREAD   -std=gnu11 -o CMakeFiles/cmTC_f5928.dir/src.c.o   -c /home/llen/CLionProjects/lab8_5/cmake-build-debug/CMakeFiles/CMakeTmp/src.c
Linking C executable cmTC_f5928
/snap/clion/114/bin/cmake/linux/bin/cmake -E cmake_link_script CMakeFiles/cmTC_f5928.dir/link.txt --verbose=1
/usr/bin/cc  -DCMAKE_HAVE_LIBC_PTHREAD    CMakeFiles/cmTC_f5928.dir/src.c.o  -o cmTC_f5928 
CMakeFiles/cmTC_f5928.dir/src.c.o: In function `main':
src.c:(.text+0x3e): undefined reference to `pthread_create'
src.c:(.text+0x4a): undefined reference to `pthread_detach'
src.c:(.text+0x5b): undefined reference to `pthread_join'
src.c:(.text+0x6f): undefined reference to `pthread_atfork'
collect2: error: ld returned 1 exit status
CMakeFiles/cmTC_f5928.dir/build.make:86: recipe for target 'cmTC_f5928' failed
make[1]: *** [cmTC_f5928] Error 1
make[1]: выход из каталога «/home/llen/CLionProjects/lab8_5/cmake-build-debug/CMakeFiles/CMakeTmp»
Makefile:121: recipe for target 'cmTC_f5928/fast' failed
make: *** [cmTC_f5928/fast] Error 2


Source file was:
#include <pthread.h>

void* test_func(void* data)
{
  return data;
}

int main(void)
{
  pthread_t thread;
  pthread_create(&thread, NULL, test_func, NULL);
  pthread_detach(thread);
  pthread_join(thread, NULL);
  pthread_atfork(NULL, NULL, NULL);
  pthread_exit(NULL);

  return 0;
}

Determining if the function pthread_create exists in the pthreads failed with the following output:
Change Dir: /home/llen/CLionProjects/lab8_5/cmake-build-debug/CMakeFiles/CMakeTmp

Run Build Command(s):/usr/bin/make cmTC_49719/fast && /usr/bin/make -f CMakeFiles/cmTC_49719.dir/build.make CMakeFiles/cmTC_49719.dir/build
make[1]: вход в каталог «/home/llen/CLionProjects/lab8_5/cmake-build-debug/CMakeFiles/CMakeTmp»
Building C object CMakeFiles/cmTC_49719.dir/CheckFunctionExists.c.o
/usr/bin/cc   -DCHECK_FUNCTION_EXISTS=pthread_create   -std=gnu11 -o CMakeFiles/cmTC_49719.dir/CheckFunctionExists.c.o   -c /snap/clion/114/bin/cmake/linux/share/cmake-3.16/Modules/CheckFunctionExists.c
Linking C executable cmTC_49719
/snap/clion/114/bin/cmake/linux/bin/cmake -E cmake_link_script CMakeFiles/cmTC_49719.dir/link.txt --verbose=1
/usr/bin/cc  -DCHECK_FUNCTION_EXISTS=pthread_create    CMakeFiles/cmTC_49719.dir/CheckFunctionExists.c.o  -o cmTC_49719  -lpthreads 
/usr/bin/ld: cannot find -lpthreads
collect2: error: ld returned 1 exit status
CMakeFiles/cmTC_49719.dir/build.make:86: recipe for target 'cmTC_49719' failed
make[1]: *** [cmTC_49719] Error 1
make[1]: выход из каталога «/home/llen/CLionProjects/lab8_5/cmake-build-debug/CMakeFiles/CMakeTmp»
Makefile:121: recipe for target 'cmTC_49719/fast' failed
make: *** [cmTC_49719/fast] Error 2



